Determining if the pthread_create exist failed with the following output:
Change Dir: /home/workspace/CppND-Capstone-Snake-Game-master/build/CMakeFiles/CMakeTmp

Run Build Command:"/usr/bin/make" "cmTC_67036/fast"
/usr/bin/make -f CMakeFiles/cmTC_67036.dir/build.make CMakeFiles/cmTC_67036.dir/build
make[1]: Entering directory '/home/workspace/CppND-Capstone-Snake-Game-master/build/CMakeFiles/CMakeTmp'
Building C object CMakeFiles/cmTC_67036.dir/CheckSymbolExists.c.o
/usr/bin/cc    -o CMakeFiles/cmTC_67036.dir/CheckSymbolExists.c.o   -c /home/workspace/CppND-Capstone-Snake-Game-master/build/CMakeFiles/CMakeTmp/CheckSymbolExists.c
Linking C executable cmTC_67036
/usr/local/bin/cmake -E cmake_link_script CMakeFiles/cmTC_67036.dir/link.txt --verbose=1
/usr/bin/cc      CMakeFiles/cmTC_67036.dir/CheckSymbolExists.c.o  -o cmTC_67036 
CMakeFiles/cmTC_67036.dir/CheckSymbolExists.c.o: In function `main':
CheckSymbolExists.c:(.text+0x16): undefined reference to `pthread_create'
collect2: error: ld returned 1 exit status
CMakeFiles/cmTC_67036.dir/build.make:86: recipe for target 'cmTC_67036' failed
make[1]: *** [cmTC_67036] Error 1
make[1]: Leaving directory '/home/workspace/CppND-Capstone-Snake-Game-master/build/CMakeFiles/CMakeTmp'
Makefile:121: recipe for target 'cmTC_67036/fast' failed
make: *** [cmTC_67036/fast] Error 2

File /home/workspace/CppND-Capstone-Snake-Game-master/build/CMakeFiles/CMakeTmp/CheckSymbolExists.c:
/* */
#include <pthread.h>

int main(int argc, char** argv)
{
  (void)argv;
#ifndef pthread_create
  return ((int*)(&pthread_create))[argc];
#else
  (void)argc;
  return 0;
#endif
}

Determining if the function pthread_create exists in the pthreads failed with the following output:
Change Dir: /home/workspace/CppND-Capstone-Snake-Game-master/build/CMakeFiles/CMakeTmp

Run Build Command:"/usr/bin/make" "cmTC_63640/fast"
/usr/bin/make -f CMakeFiles/cmTC_63640.dir/build.make CMakeFiles/cmTC_63640.dir/build
make[1]: Entering directory '/home/workspace/CppND-Capstone-Snake-Game-master/build/CMakeFiles/CMakeTmp'
Building C object CMakeFiles/cmTC_63640.dir/CheckFunctionExists.c.o
/usr/bin/cc   -DCHECK_FUNCTION_EXISTS=pthread_create   -o CMakeFiles/cmTC_63640.dir/CheckFunctionExists.c.o   -c /usr/local/share/cmake-3.13/Modules/CheckFunctionExists.c
Linking C executable cmTC_63640
/usr/local/bin/cmake -E cmake_link_script CMakeFiles/cmTC_63640.dir/link.txt --verbose=1
/usr/bin/cc  -DCHECK_FUNCTION_EXISTS=pthread_create    CMakeFiles/cmTC_63640.dir/CheckFunctionExists.c.o  -o cmTC_63640 -lpthreads 
/usr/bin/ld: cannot find -lpthreads
collect2: error: ld returned 1 exit status
CMakeFiles/cmTC_63640.dir/build.make:86: recipe for target 'cmTC_63640' failed
make[1]: *** [cmTC_63640] Error 1
make[1]: Leaving directory '/home/workspace/CppND-Capstone-Snake-Game-master/build/CMakeFiles/CMakeTmp'
Makefile:121: recipe for target 'cmTC_63640/fast' failed
make: *** [cmTC_63640/fast] Error 2


